{"devicePlatform":"","logFolder":"C:\\Users\\ajobayer.DASHINGPRINT\\Katalon Studio\\TestProject Katalon\\Reports\\Quick Test\\20180429_130048","runData":{"hostName":"ajobayer - Abu-laptop.dashingprint.local","os":"Windows 10 64bit","katalonVersion":"5.4.1.1","browser":"Chrome 65.0.3325.181","hostAddress":"192.168.0.2","sessionId":"65b5027f58034e3a4dd4e171166607af","seleniumVersion":"3.7.1","proxyInformation":"ProxyInformation{proxyOption\u003dNO_PROXY, proxyServerType\u003dHTTP, password\u003d, proxyServerAddress\u003d, proxyServerPort\u003d0}","platform":"Windows 10"},"type":"TEST_SUITE","name":"Quick Test","id":"Test Suites/Quick Test","source":"","message":"Test Cases/Gmail/TC - Compose And Send Email FAILED because (of) org.codehaus.groovy.runtime.InvokerInvocationException: groovy.lang.MissingMethodException: No signature of method: static com.kms.katalon.core.webui.keyword.WebUiBuiltInKeywords.click() is applicable for argument types: (com.kms.katalon.core.testobject.TestObject, java.lang.Integer) values: [TestObject - \u0027Object Repository/GmailLoginPage/NextButton\u0027, ...]\nPossible solutions: click(com.kms.katalon.core.testobject.TestObject), click(com.kms.katalon.core.testobject.TestObject, com.kms.katalon.core.model.FailureHandling), check(com.kms.katalon.core.testobject.TestObject), check(com.kms.katalon.core.testobject.TestObject, com.kms.katalon.core.model.FailureHandling), back(), wait()","description":"","startTime":1524970851404,"endTime":1524970865708,"childRecords":[{"isOptional":false,"type":"TEST_CASE","name":"Test Cases/Gmail/TC - Compose And Send Email","id":"Test Cases/Gmail/TC - Compose And Send Email","source":"C:\\\\Users\\\\ajobayer.DASHINGPRINT\\\\Katalon Studio\\\\TestProject Katalon\\\\Test Cases\\\\Gmail\\\\TC - Compose And Send Email.tc","message":"Test Cases/Gmail/TC - Compose And Send Email FAILED because (of) org.codehaus.groovy.runtime.InvokerInvocationException: groovy.lang.MissingMethodException: No signature of method: static com.kms.katalon.core.webui.keyword.WebUiBuiltInKeywords.click() is applicable for argument types: (com.kms.katalon.core.testobject.TestObject, java.lang.Integer) values: [TestObject - \u0027Object Repository/GmailLoginPage/NextButton\u0027, ...]\nPossible solutions: click(com.kms.katalon.core.testobject.TestObject), click(com.kms.katalon.core.testobject.TestObject, com.kms.katalon.core.model.FailureHandling), check(com.kms.katalon.core.testobject.TestObject), check(com.kms.katalon.core.testobject.TestObject, com.kms.katalon.core.model.FailureHandling), back(), wait()","description":"","startTime":1524970852142,"endTime":1524970864876,"childRecords":[{"testStatus":{"stackTrace":"","statusValue":"INFO"},"type":"MESSAGE","name":"","message":"Evaluating variables for test case","startTime":1524970852196,"endTime":0,"childRecords":[],"interuppted":false},{"index":1,"isIgnoredIfFailed":false,"type":"TEST_STEP","name":"com.gmail.authentication.GmailAuthentication.GmailLogin","message":"groovy.lang.MissingMethodException: No signature of method: static com.kms.katalon.core.webui.keyword.WebUiBuiltInKeywords.click() is applicable for argument types: (com.kms.katalon.core.testobject.TestObject, java.lang.Integer) values: [TestObject - \u0027Object Repository/GmailLoginPage/NextButton\u0027, ...]\nPossible solutions: click(com.kms.katalon.core.testobject.TestObject), click(com.kms.katalon.core.testobject.TestObject, com.kms.katalon.core.model.FailureHandling), check(com.kms.katalon.core.testobject.TestObject), check(com.kms.katalon.core.testobject.TestObject, com.kms.katalon.core.model.FailureHandling), back(), wait()","description":"","startTime":1524970852743,"endTime":1524970864799,"childRecords":[{"testStatus":{"stackTrace":"","statusValue":"PASSED"},"type":"MESSAGE","name":"","message":"Browser is opened with url: \u0027www.gmail.com\u0027","startTime":1524970859752,"endTime":0,"childRecords":[],"interuppted":false},{"testStatus":{"stackTrace":"","statusValue":"PASSED"},"type":"MESSAGE","name":"","message":"Wait for page load successfully","startTime":1524970859891,"endTime":0,"childRecords":[],"interuppted":false},{"testStatus":{"stackTrace":"","statusValue":"PASSED"},"type":"MESSAGE","name":"","message":"Current window maximized","startTime":1524970861098,"endTime":0,"childRecords":[],"interuppted":false},{"testStatus":{"stackTrace":"","statusValue":"PASSED"},"type":"MESSAGE","name":"","message":"Object \u0027Object Repository/GmailLoginPage/EmailField\u0027 is present","startTime":1524970861217,"endTime":0,"childRecords":[],"interuppted":false},{"testStatus":{"stackTrace":"","statusValue":"PASSED"},"type":"MESSAGE","name":"","message":"Keys \u0027abukatalon1@gmail.com\u0027 sent to object: \u0027Object Repository/GmailLoginPage/EmailField\u0027","startTime":1524970862721,"endTime":0,"childRecords":[],"interuppted":false},{"testStatus":{"stackTrace":"","statusValue":"PASSED"},"type":"MESSAGE","name":"","message":"Delayed 2 second(s)","startTime":1524970864756,"endTime":0,"childRecords":[],"interuppted":false},{"testStatus":{"stackTrace":"","statusValue":"ERROR"},"type":"MESSAGE","name":"","message":"groovy.lang.MissingMethodException: No signature of method: static com.kms.katalon.core.webui.keyword.WebUiBuiltInKeywords.click() is applicable for argument types: (com.kms.katalon.core.testobject.TestObject, java.lang.Integer) values: [TestObject - \u0027Object Repository/GmailLoginPage/NextButton\u0027, ...]\nPossible solutions: click(com.kms.katalon.core.testobject.TestObject), click(com.kms.katalon.core.testobject.TestObject, com.kms.katalon.core.model.FailureHandling), check(com.kms.katalon.core.testobject.TestObject), check(com.kms.katalon.core.testobject.TestObject, com.kms.katalon.core.model.FailureHandling), back(), wait()","startTime":1524970864791,"endTime":0,"childRecords":[],"interuppted":false}],"interuppted":false},{"testStatus":{"stackTrace":"","statusValue":"ERROR"},"type":"MESSAGE","name":"","message":"Test Cases/Gmail/TC - Compose And Send Email FAILED because (of) org.codehaus.groovy.runtime.InvokerInvocationException: groovy.lang.MissingMethodException: No signature of method: static com.kms.katalon.core.webui.keyword.WebUiBuiltInKeywords.click() is applicable for argument types: (com.kms.katalon.core.testobject.TestObject, java.lang.Integer) values: [TestObject - \u0027Object Repository/GmailLoginPage/NextButton\u0027, ...]\nPossible solutions: click(com.kms.katalon.core.testobject.TestObject), click(com.kms.katalon.core.testobject.TestObject, com.kms.katalon.core.model.FailureHandling), check(com.kms.katalon.core.testobject.TestObject), check(com.kms.katalon.core.testobject.TestObject, com.kms.katalon.core.model.FailureHandling), back(), wait()","startTime":1524970864823,"endTime":0,"childRecords":[],"interuppted":false}],"interuppted":false}],"interuppted":false}