<?xml version="1.0" encoding="UTF-8"?>
<testsuites name="Quick Test" time="14" tests="0" failures="0" errors="1">
   <testsuite name="Quick Test" tests="0" failures="0" errors="1" time="14" timestamp="2018-04-29 13:00:51" hostname="ajobayer - Abu-laptop.dashingprint.local" id="Test Suites/Quick Test">
      <properties>
         <property name="deviceName" value=""/>
         <property name="devicePlatform" value=""/>
         <property name="logFolder" value="C:\\Users\\ajobayer.DASHINGPRINT\\Katalon Studio\\TestProject Katalon\\Reports\\Quick Test\\20180429_130048"/>
         <property name="logFiles" value="C:\\Users\\ajobayer.DASHINGPRINT\\Katalon Studio\\TestProject Katalon\\Reports\\Quick Test\\20180429_130048\\execution0.log"/>
         <property name="attachments" value=""/>
         <property name="hostName" value="ajobayer - Abu-laptop.dashingprint.local"/>
         <property name="os" value="Windows 10 64bit"/>
         <property name="katalonVersion" value="5.4.1.1"/>
         <property name="browser" value="Chrome 65.0.3325.181"/>
         <property name="hostAddress" value="192.168.0.2"/>
         <property name="sessionId" value="65b5027f58034e3a4dd4e171166607af"/>
         <property name="seleniumVersion" value="3.7.1"/>
         <property name="proxyInformation" value="ProxyInformation{proxyOption=NO_PROXY, proxyServerType=HTTP, password=, proxyServerAddress=, proxyServerPort=0}"/>
         <property name="platform" value="Windows 10"/>
      </properties>
      <testcase name="Test Cases/Gmail/TC - Compose And Send Email" classname="Test Cases/Gmail/TC - Compose And Send Email" status="ERROR">
         <error type="ERROR" message="Test Cases/Gmail/TC - Compose And Send Email FAILED because (of) org.codehaus.groovy.runtime.InvokerInvocationException: groovy.lang.MissingMethodException: No signature of method: static com.kms.katalon.core.webui.keyword.WebUiBuiltInKeywords.click() is applicable for argument types: (com.kms.katalon.core.testobject.TestObject, java.lang.Integer) values: [TestObject - 'Object Repository/GmailLoginPage/NextButton', ...]
Possible solutions: click(com.kms.katalon.core.testobject.TestObject), click(com.kms.katalon.core.testobject.TestObject, com.kms.katalon.core.model.FailureHandling), check(com.kms.katalon.core.testobject.TestObject), check(com.kms.katalon.core.testobject.TestObject, com.kms.katalon.core.model.FailureHandling), back(), wait()"/>
         <system-out><![CDATA[2018-04-29 13:00:52 - [TEST_CASE][ERROR] - Test Cases/Gmail/TC - Compose And Send Email: Test Cases/Gmail/TC - Compose And Send Email FAILED because (of) org.codehaus.groovy.runtime.InvokerInvocationException: groovy.lang.MissingMethodException: No signature of method: static com.kms.katalon.core.webui.keyword.WebUiBuiltInKeywords.click() is applicable for argument types: (com.kms.katalon.core.testobject.TestObject, java.lang.Integer) values: [TestObject - 'Object Repository/GmailLoginPage/NextButton', ...]
Possible solutions: click(com.kms.katalon.core.testobject.TestObject), click(com.kms.katalon.core.testobject.TestObject, com.kms.katalon.core.model.FailureHandling), check(com.kms.katalon.core.testobject.TestObject), check(com.kms.katalon.core.testobject.TestObject, com.kms.katalon.core.model.FailureHandling), back(), wait()

2018-04-29 13:00:52 - [TEST_STEP][ERROR] - com.gmail.authentication.GmailAuthentication.GmailLogin: groovy.lang.MissingMethodException: No signature of method: static com.kms.katalon.core.webui.keyword.WebUiBuiltInKeywords.click() is applicable for argument types: (com.kms.katalon.core.testobject.TestObject, java.lang.Integer) values: [TestObject - 'Object Repository/GmailLoginPage/NextButton', ...]
Possible solutions: click(com.kms.katalon.core.testobject.TestObject), click(com.kms.katalon.core.testobject.TestObject, com.kms.katalon.core.model.FailureHandling), check(com.kms.katalon.core.testobject.TestObject), check(com.kms.katalon.core.testobject.TestObject, com.kms.katalon.core.model.FailureHandling), back(), wait()

2018-04-29 13:00:59 - [MESSAGE][PASSED] - Browser is opened with url: 'www.gmail.com'

2018-04-29 13:00:59 - [MESSAGE][PASSED] - Wait for page load successfully

2018-04-29 13:01:01 - [MESSAGE][PASSED] - Current window maximized

2018-04-29 13:01:01 - [MESSAGE][PASSED] - Object 'Object Repository/GmailLoginPage/EmailField' is present

2018-04-29 13:01:02 - [MESSAGE][PASSED] - Keys 'abukatalon1@gmail.com' sent to object: 'Object Repository/GmailLoginPage/EmailField'

2018-04-29 13:01:04 - [MESSAGE][PASSED] - Delayed 2 second(s)

2018-04-29 13:01:04 - [MESSAGE][ERROR] - groovy.lang.MissingMethodException: No signature of method: static com.kms.katalon.core.webui.keyword.WebUiBuiltInKeywords.click() is applicable for argument types: (com.kms.katalon.core.testobject.TestObject, java.lang.Integer) values: [TestObject - 'Object Repository/GmailLoginPage/NextButton', ...]
Possible solutions: click(com.kms.katalon.core.testobject.TestObject), click(com.kms.katalon.core.testobject.TestObject, com.kms.katalon.core.model.FailureHandling), check(com.kms.katalon.core.testobject.TestObject), check(com.kms.katalon.core.testobject.TestObject, com.kms.katalon.core.model.FailureHandling), back(), wait()]]></system-out>
         <system-err><![CDATA[2018-04-29 13:00:52 - [TEST_CASE][ERROR] - Test Cases/Gmail/TC - Compose And Send Email: Test Cases/Gmail/TC - Compose And Send Email FAILED because (of) org.codehaus.groovy.runtime.InvokerInvocationException: groovy.lang.MissingMethodException: No signature of method: static com.kms.katalon.core.webui.keyword.WebUiBuiltInKeywords.click() is applicable for argument types: (com.kms.katalon.core.testobject.TestObject, java.lang.Integer) values: [TestObject - 'Object Repository/GmailLoginPage/NextButton', ...]
Possible solutions: click(com.kms.katalon.core.testobject.TestObject), click(com.kms.katalon.core.testobject.TestObject, com.kms.katalon.core.model.FailureHandling), check(com.kms.katalon.core.testobject.TestObject), check(com.kms.katalon.core.testobject.TestObject, com.kms.katalon.core.model.FailureHandling), back(), wait()]]></system-err>
      </testcase>
      <system-out><![CDATA[2018-04-29 13:00:51 - [TEST_SUITE][ERROR] - Quick Test: Test Cases/Gmail/TC - Compose And Send Email FAILED because (of) org.codehaus.groovy.runtime.InvokerInvocationException: groovy.lang.MissingMethodException: No signature of method: static com.kms.katalon.core.webui.keyword.WebUiBuiltInKeywords.click() is applicable for argument types: (com.kms.katalon.core.testobject.TestObject, java.lang.Integer) values: [TestObject - 'Object Repository/GmailLoginPage/NextButton', ...]
Possible solutions: click(com.kms.katalon.core.testobject.TestObject), click(com.kms.katalon.core.testobject.TestObject, com.kms.katalon.core.model.FailureHandling), check(com.kms.katalon.core.testobject.TestObject), check(com.kms.katalon.core.testobject.TestObject, com.kms.katalon.core.model.FailureHandling), back(), wait()]]></system-out>
      <system-err><![CDATA[2018-04-29 13:00:51 - [TEST_SUITE][ERROR] - Quick Test: Test Cases/Gmail/TC - Compose And Send Email FAILED because (of) org.codehaus.groovy.runtime.InvokerInvocationException: groovy.lang.MissingMethodException: No signature of method: static com.kms.katalon.core.webui.keyword.WebUiBuiltInKeywords.click() is applicable for argument types: (com.kms.katalon.core.testobject.TestObject, java.lang.Integer) values: [TestObject - 'Object Repository/GmailLoginPage/NextButton', ...]
Possible solutions: click(com.kms.katalon.core.testobject.TestObject), click(com.kms.katalon.core.testobject.TestObject, com.kms.katalon.core.model.FailureHandling), check(com.kms.katalon.core.testobject.TestObject), check(com.kms.katalon.core.testobject.TestObject, com.kms.katalon.core.model.FailureHandling), back(), wait()]]></system-err>
   </testsuite>
</testsuites>
