<?xml version="1.0" encoding="UTF-8"?>
<testsuites name="Quick Test" time="63" tests="1" failures="1" errors="0">
   <testsuite name="Quick Test" tests="1" failures="1" errors="0" time="63" timestamp="2018-04-26 21:54:58" hostname="ajobayer - Abu-laptop.dashingprint.local" id="Test Suites/Quick Test">
      <properties>
         <property name="deviceName" value=""/>
         <property name="devicePlatform" value=""/>
         <property name="logFolder" value="C:\\Users\\ajobayer.DASHINGPRINT\\Katalon Studio\\TestProject Katalon\\Reports\\Quick Test\\20180426_215456"/>
         <property name="logFiles" value="C:\\Users\\ajobayer.DASHINGPRINT\\Katalon Studio\\TestProject Katalon\\Reports\\Quick Test\\20180426_215456\\execution0.log"/>
         <property name="attachments" value="C:\\Users\\ajobayer.DASHINGPRINT\\Katalon Studio\\TestProject Katalon\\Reports\\Quick Test\\20180426_215456\\1524743760884.png"/>
         <property name="hostName" value="ajobayer - Abu-laptop.dashingprint.local"/>
         <property name="os" value="Windows 10 64bit"/>
         <property name="katalonVersion" value="5.4.1.1"/>
         <property name="browser" value="Chrome 65.0.3325.181"/>
         <property name="hostAddress" value="192.168.0.2"/>
         <property name="sessionId" value="7eee6cc5602e8e9bb61f167d9f733c98"/>
         <property name="seleniumVersion" value="3.7.1"/>
         <property name="proxyInformation" value="ProxyInformation{proxyOption=NO_PROXY, proxyServerType=HTTP, password=, proxyServerAddress=, proxyServerPort=0}"/>
         <property name="platform" value="Windows 10"/>
      </properties>
      <testcase name="Test Cases/Gmail/TC - Login to Gmail" classname="Test Cases/Gmail/TC - Login to Gmail" status="PASSED">
         <system-out><![CDATA[2018-04-26 21:54:58 - [TEST_CASE][PASSED] - Test Cases/Gmail/TC - Login to Gmail: Test Cases/Gmail/TC - Login to Gmail

2018-04-26 21:54:59 - [TEST_STEP][PASSED] - openBrowser: Browser is opened with url: 'www.gmail.com'

2018-04-26 21:55:08 - [MESSAGE][PASSED] - Browser is opened with url: 'www.gmail.com'

2018-04-26 21:55:08 - [TEST_STEP][PASSED] - maximizeWindow: Current window maximized

2018-04-26 21:55:09 - [MESSAGE][PASSED] - Current window maximized

2018-04-26 21:55:09 - [TEST_STEP][PASSED] - waitForPageLoad: Wait for page load successfully

2018-04-26 21:55:09 - [MESSAGE][PASSED] - Wait for page load successfully

2018-04-26 21:55:09 - [TEST_STEP][PASSED] - verifyElementPresent: Object 'Object Repository/GmailLoginPage/EmailField' is present

2018-04-26 21:55:09 - [MESSAGE][PASSED] - Object 'Object Repository/GmailLoginPage/EmailField' is present

2018-04-26 21:55:09 - [TEST_STEP][PASSED] - sendKeys: Keys 'abukatalon1@gmail.com' sent to object: 'Object Repository/GmailLoginPage/EmailField'

2018-04-26 21:55:10 - [MESSAGE][PASSED] - Keys 'abukatalon1@gmail.com' sent to object: 'Object Repository/GmailLoginPage/EmailField'

2018-04-26 21:55:10 - [TEST_STEP][PASSED] - delay: Delayed 2 second(s)

2018-04-26 21:55:12 - [MESSAGE][PASSED] - Delayed 2 second(s)

2018-04-26 21:55:12 - [TEST_STEP][PASSED] - click: Object: 'Object Repository/GmailLoginPage/NextButton' is clicked on

2018-04-26 21:55:12 - [MESSAGE][PASSED] - Object: 'Object Repository/GmailLoginPage/NextButton' is clicked on

2018-04-26 21:55:12 - [TEST_STEP][PASSED] - waitForPageLoad: Wait for page load successfully

2018-04-26 21:55:12 - [MESSAGE][PASSED] - Wait for page load successfully

2018-04-26 21:55:12 - [TEST_STEP][PASSED] - verifyElementPresent: Object 'Object Repository/GmailLoginPage/PasswordField' is present

2018-04-26 21:55:12 - [MESSAGE][PASSED] - Object 'Object Repository/GmailLoginPage/PasswordField' is present

2018-04-26 21:55:12 - [TEST_STEP][PASSED] - sendKeys: Keys 'judas4321' sent to object: 'Object Repository/GmailLoginPage/PasswordField'

2018-04-26 21:55:14 - [MESSAGE][PASSED] - Keys 'judas4321' sent to object: 'Object Repository/GmailLoginPage/PasswordField'

2018-04-26 21:55:14 - [TEST_STEP][PASSED] - delay: Delayed 2 second(s)

2018-04-26 21:55:16 - [MESSAGE][PASSED] - Delayed 2 second(s)

2018-04-26 21:55:16 - [TEST_STEP][PASSED] - click: Object: 'Object Repository/GmailLoginPage/NextButton' is clicked on

2018-04-26 21:55:16 - [MESSAGE][PASSED] - Object: 'Object Repository/GmailLoginPage/NextButton' is clicked on]]></system-out>
         <system-err><![CDATA[]]></system-err>
      </testcase>
      <testcase name="Test Cases/Gmail/TC - Logout from Gmail" classname="Test Cases/Gmail/TC - Logout from Gmail" status="FAILED">
         <failure type="FAILED" message="No alert found"/>
         <system-out><![CDATA[2018-04-26 21:55:16 - [TEST_CASE][FAILED] - Test Cases/Gmail/TC - Logout from Gmail: Test Cases/Gmail/TC - Logout from Gmail FAILED because (of) No alert found

2018-04-26 21:55:17 - [TEST_STEP][PASSED] - click: Object: 'Object Repository/GmailHomePage/GmailAccountBttn' is clicked on

2018-04-26 21:55:23 - [MESSAGE][PASSED] - Object: 'Object Repository/GmailHomePage/GmailAccountBttn' is clicked on

2018-04-26 21:55:23 - [TEST_STEP][PASSED] - delay: Delayed 2 second(s)

2018-04-26 21:55:25 - [MESSAGE][PASSED] - Delayed 2 second(s)

2018-04-26 21:55:25 - [TEST_STEP][PASSED] - click: Object: 'Object Repository/GmailHomePage/SignOutBttn' is clicked on

2018-04-26 21:55:28 - [MESSAGE][PASSED] - Object: 'Object Repository/GmailHomePage/SignOutBttn' is clicked on

2018-04-26 21:55:28 - [TEST_STEP][PASSED] - delay: Delayed 2 second(s)

2018-04-26 21:55:30 - [MESSAGE][PASSED] - Delayed 2 second(s)

2018-04-26 21:55:30 - [TEST_STEP][PASSED] - waitForAlert: No alert found after 30 second(s).

2018-04-26 21:56:00 - [MESSAGE][WARNING] - No alert found after 30 second(s).

2018-04-26 21:56:00 - [TEST_STEP][FAILED] - acceptAlert: No alert found

2018-04-26 21:56:01 - [MESSAGE][FAILED] - No alert found
[[ATTACHMENT|C:\\Users\\ajobayer.DASHINGPRINT\\Katalon Studio\\TestProject Katalon\\Reports\\Quick Test\\20180426_215456\\1524743760884.png]]]]></system-out>
         <system-err><![CDATA[2018-04-26 21:55:16 - [TEST_CASE][FAILED] - Test Cases/Gmail/TC - Logout from Gmail: Test Cases/Gmail/TC - Logout from Gmail FAILED because (of) No alert found]]></system-err>
      </testcase>
      <system-out><![CDATA[2018-04-26 21:54:58 - [TEST_SUITE][FAILED] - Quick Test: Test Cases/Gmail/TC - Logout from Gmail FAILED because (of) No alert found]]></system-out>
      <system-err><![CDATA[2018-04-26 21:54:58 - [TEST_SUITE][FAILED] - Quick Test: Test Cases/Gmail/TC - Logout from Gmail FAILED because (of) No alert found]]></system-err>
   </testsuite>
</testsuites>
